   0  $accept : program $end

   1  program : block

   2  block : DECLARE declaration block_alpha BEGIN statement statement_alpha END

   3  block_alpha : SEMICOLON declaration block_alpha
   4              |

   5  statement_alpha : SEMICOLON statement statement_alpha
   6                  |

   7  statement_list : statement statement_alpha

   8  statement : label_definition statement_1
   9            | statement_1
  10            | error SEMICOLON

  11  statement_1 : expression
  12              | iteration
  13              | jump

  14  label_definition : IDENTIFIER COLON

  15  iteration : WHILE expression loop
  16            | FOR IDENTIFIER FROM expression TO expression loop

  17  loop : DO statement_list END

  18  jump : GOTO IDENTIFIER

  19  declaration : variable_declaration
  20              | identity_declaration
  21              | procedure_declaration
  22              | type_declaration

  23  variable_declaration : IDENTIFIER COLON type_specification
  24                       | IDENTIFIER COLON ARRAY LEFTSQUARE bound_pair bound_pair_alpha RIGHTSQUARE ARRAY type_specification

  25  type_specification : IDENTIFIER
  26                     | REF type_specification
  27                     | REF array_type
  28                     | procedure_type

  29  bound_pair : expression COLON expression

  30  array_type : ARRAY LEFTSQUARE special RIGHTSQUARE OF type_specification

  31  special : COMMA special
  32          |

  33  procedure_type : PROCEDURE procedure_nonempty

  34  procedure_nonempty : LEFTPAR type_specification type_specification_alpha RIGHTPAR
  35                     | result_type
  36                     | LEFTPAR type_specification type_specification_alpha RIGHTPAR result_type
  37                     |

  38  identity_declaration : IDENTIFIER IS expression COLON type_specification

  39  procedure_declaration : PROCEDURE IDENTIFIER procedure

  40  procedure : LEFTPAR parameter parameter_alpha RIGHTPAR SEMICOLON expression
  41            | result_type SEMICOLON expression
  42            | LEFTPAR parameter parameter_alpha RIGHTPAR result_type SEMICOLON expression
  43            | SEMICOLON expression

  44  parameter : IDENTIFIER COLON type_specification

  45  result_type : COLON type_specification

  46  type_declaration : TYPE IDENTIFIER EQ record_type

  47  record_type : RECORD field field_alpha END

  48  field : IDENTIFIER COLON type_specification

  49  bound_pair_alpha : COMMA bound_pair bound_pair_alpha
  50                   |

  51  type_specification_alpha : COMMA type_specification type_specification_alpha
  52                           |

  53  parameter_alpha : SEMICOLON parameter parameter_alpha
  54                  |

  55  field_alpha : SEMICOLON field field_alpha
  56              |

  57  name : IDENTIFIER
  58       | name DOT IDENTIFIER
  59       | name LEFTSQUARE expression expression_alpha RIGHTSQUARE
  60       | NEW IDENTIFIER
  61       | procedure_call

  62  expression : assignment
  63             | disjunction

  64  assign : ASSIGNMENT

  65  assignment : name assign expression

  66  disjunction : conjunction
  67              | disjunction OR conjunction

  68  conjunction : comparison
  69              | conjunction AND comparison

  70  comparison : relation
  71             | relation eqop relation

  72  eqop : EQ
  73       | ET

  74  relation : sum relop sum
  75           | sum

  76  relop : LT
  77        | GT

  78  sum : term
  79      | sum addop term

  80  addop : PLUS
  81        | MINUS

  82  term : factor
  83       | term mulop factor

  84  mulop : MULTI
  85        | DIVIDE
  86        | DIV
  87        | MOD

  88  factor : primary
  89         | unop factor

  90  unop : PLUS
  91       | MINUS
  92       | NOT

  93  primary : denotation
  94          | name
  95          | LEFTPAR expression RIGHTPAR
  96          | block
  97          | clause

  98  denotation : integer
  99             | FLOAT

 100  procedure_call : name LEFTPAR argument argument_alpha RIGHTPAR

 101  argument : expression

 102  clause : conditional_clause
 103         | case_clause

 104  conditional_clause : IF expression THEN statement_list END
 105                     | IF expression THEN statement_list ELSE statement_list END

 106  case_clause : CASE expression OF case_label COLON statement_list statement_list_alpha ELSE statement_list END

 107  case_label : integer

 108  expression_alpha : COMMA expression expression_alpha
 109                   |

 110  argument_alpha : COMMA argument argument_alpha
 111                 |

 112  statement_list_alpha : DOUBLESLASH statement_list statement_list_alpha
 113                       |

 114  integer : INTEGER

state 0
	$accept : . program $end  (0)

	DECLARE  shift 1
	.  error

	program  goto 2
	block  goto 3


state 1
	block : DECLARE . declaration block_alpha BEGIN statement statement_alpha END  (2)

	IDENTIFIER  shift 4
	PROCEDURE  shift 5
	TYPE  shift 6
	.  error

	declaration  goto 7
	variable_declaration  goto 8
	identity_declaration  goto 9
	procedure_declaration  goto 10
	type_declaration  goto 11


state 2
	$accept : program . $end  (0)

	$end  accept


state 3
	program : block .  (1)

	.  reduce 1


state 4
	variable_declaration : IDENTIFIER . COLON type_specification  (23)
	variable_declaration : IDENTIFIER . COLON ARRAY LEFTSQUARE bound_pair bound_pair_alpha RIGHTSQUARE ARRAY type_specification  (24)
	identity_declaration : IDENTIFIER . IS expression COLON type_specification  (38)

	IS  shift 12
	COLON  shift 13
	.  error


state 5
	procedure_declaration : PROCEDURE . IDENTIFIER procedure  (39)

	IDENTIFIER  shift 14
	.  error


state 6
	type_declaration : TYPE . IDENTIFIER EQ record_type  (46)

	IDENTIFIER  shift 15
	.  error


state 7
	block : DECLARE declaration . block_alpha BEGIN statement statement_alpha END  (2)
	block_alpha : .  (4)

	SEMICOLON  shift 16
	BEGIN  reduce 4

	block_alpha  goto 17


state 8
	declaration : variable_declaration .  (19)

	.  reduce 19


state 9
	declaration : identity_declaration .  (20)

	.  reduce 20


state 10
	declaration : procedure_declaration .  (21)

	.  reduce 21


state 11
	declaration : type_declaration .  (22)

	.  reduce 22


state 12
	identity_declaration : IDENTIFIER IS . expression COLON type_specification  (38)

	INTEGER  shift 18
	FLOAT  shift 19
	IDENTIFIER  shift 20
	DECLARE  shift 1
	CASE  shift 21
	IF  shift 22
	NEW  shift 23
	NOT  shift 24
	LEFTPAR  shift 25
	PLUS  shift 26
	MINUS  shift 27
	.  error

	block  goto 28
	expression  goto 29
	name  goto 30
	procedure_call  goto 31
	assignment  goto 32
	disjunction  goto 33
	conjunction  goto 34
	comparison  goto 35
	relation  goto 36
	sum  goto 37
	term  goto 38
	factor  goto 39
	primary  goto 40
	unop  goto 41
	denotation  goto 42
	clause  goto 43
	integer  goto 44
	conditional_clause  goto 45
	case_clause  goto 46


state 13
	variable_declaration : IDENTIFIER COLON . type_specification  (23)
	variable_declaration : IDENTIFIER COLON . ARRAY LEFTSQUARE bound_pair bound_pair_alpha RIGHTSQUARE ARRAY type_specification  (24)

	IDENTIFIER  shift 47
	ARRAY  shift 48
	PROCEDURE  shift 49
	REF  shift 50
	.  error

	type_specification  goto 51
	procedure_type  goto 52


state 14
	procedure_declaration : PROCEDURE IDENTIFIER . procedure  (39)

	COLON  shift 53
	SEMICOLON  shift 54
	LEFTPAR  shift 55
	.  error

	result_type  goto 56
	procedure  goto 57


state 15
	type_declaration : TYPE IDENTIFIER . EQ record_type  (46)

	EQ  shift 58
	.  error


state 16
	block_alpha : SEMICOLON . declaration block_alpha  (3)

	IDENTIFIER  shift 4
	PROCEDURE  shift 5
	TYPE  shift 6
	.  error

	declaration  goto 59
	variable_declaration  goto 8
	identity_declaration  goto 9
	procedure_declaration  goto 10
	type_declaration  goto 11


state 17
	block : DECLARE declaration block_alpha . BEGIN statement statement_alpha END  (2)

	BEGIN  shift 60
	.  error


state 18
	integer : INTEGER .  (114)

	.  reduce 114


state 19
	denotation : FLOAT .  (99)

	.  reduce 99


state 20
	name : IDENTIFIER .  (57)

	.  reduce 57


state 21
	case_clause : CASE . expression OF case_label COLON statement_list statement_list_alpha ELSE statement_list END  (106)

	INTEGER  shift 18
	FLOAT  shift 19
	IDENTIFIER  shift 20
	DECLARE  shift 1
	CASE  shift 21
	IF  shift 22
	NEW  shift 23
	NOT  shift 24
	LEFTPAR  shift 25
	PLUS  shift 26
	MINUS  shift 27
	.  error

	block  goto 28
	expression  goto 61
	name  goto 30
	procedure_call  goto 31
	assignment  goto 32
	disjunction  goto 33
	conjunction  goto 34
	comparison  goto 35
	relation  goto 36
	sum  goto 37
	term  goto 38
	factor  goto 39
	primary  goto 40
	unop  goto 41
	denotation  goto 42
	clause  goto 43
	integer  goto 44
	conditional_clause  goto 45
	case_clause  goto 46


state 22
	conditional_clause : IF . expression THEN statement_list END  (104)
	conditional_clause : IF . expression THEN statement_list ELSE statement_list END  (105)

	INTEGER  shift 18
	FLOAT  shift 19
	IDENTIFIER  shift 20
	DECLARE  shift 1
	CASE  shift 21
	IF  shift 22
	NEW  shift 23
	NOT  shift 24
	LEFTPAR  shift 25
	PLUS  shift 26
	MINUS  shift 27
	.  error

	block  goto 28
	expression  goto 62
	name  goto 30
	procedure_call  goto 31
	assignment  goto 32
	disjunction  goto 33
	conjunction  goto 34
	comparison  goto 35
	relation  goto 36
	sum  goto 37
	term  goto 38
	factor  goto 39
	primary  goto 40
	unop  goto 41
	denotation  goto 42
	clause  goto 43
	integer  goto 44
	conditional_clause  goto 45
	case_clause  goto 46


state 23
	name : NEW . IDENTIFIER  (60)

	IDENTIFIER  shift 63
	.  error


state 24
	unop : NOT .  (92)

	.  reduce 92


state 25
	primary : LEFTPAR . expression RIGHTPAR  (95)

	INTEGER  shift 18
	FLOAT  shift 19
	IDENTIFIER  shift 20
	DECLARE  shift 1
	CASE  shift 21
	IF  shift 22
	NEW  shift 23
	NOT  shift 24
	LEFTPAR  shift 25
	PLUS  shift 26
	MINUS  shift 27
	.  error

	block  goto 28
	expression  goto 64
	name  goto 30
	procedure_call  goto 31
	assignment  goto 32
	disjunction  goto 33
	conjunction  goto 34
	comparison  goto 35
	relation  goto 36
	sum  goto 37
	term  goto 38
	factor  goto 39
	primary  goto 40
	unop  goto 41
	denotation  goto 42
	clause  goto 43
	integer  goto 44
	conditional_clause  goto 45
	case_clause  goto 46


state 26
	unop : PLUS .  (90)

	.  reduce 90


state 27
	unop : MINUS .  (91)

	.  reduce 91


state 28
	primary : block .  (96)

	.  reduce 96


state 29
	identity_declaration : IDENTIFIER IS expression . COLON type_specification  (38)

	COLON  shift 65
	.  error


state 30
	name : name . DOT IDENTIFIER  (58)
	name : name . LEFTSQUARE expression expression_alpha RIGHTSQUARE  (59)
	assignment : name . assign expression  (65)
	primary : name .  (94)
	procedure_call : name . LEFTPAR argument argument_alpha RIGHTPAR  (100)

	ASSIGNMENT  shift 66
	DOT  shift 67
	LEFTPAR  shift 68
	LEFTSQUARE  shift 69
	AND  reduce 94
	BEGIN  reduce 94
	DIV  reduce 94
	DO  reduce 94
	ELSE  reduce 94
	END  reduce 94
	MOD  reduce 94
	OF  reduce 94
	OR  reduce 94
	THEN  reduce 94
	TO  reduce 94
	COLON  reduce 94
	SEMICOLON  reduce 94
	COMMA  reduce 94
	DOUBLESLASH  reduce 94
	RIGHTPAR  reduce 94
	RIGHTSQUARE  reduce 94
	LT  reduce 94
	GT  reduce 94
	EQ  reduce 94
	ET  reduce 94
	PLUS  reduce 94
	MINUS  reduce 94
	MULTI  reduce 94
	DIVIDE  reduce 94

	assign  goto 70


state 31
	name : procedure_call .  (61)

	.  reduce 61


state 32
	expression : assignment .  (62)

	.  reduce 62


state 33
	expression : disjunction .  (63)
	disjunction : disjunction . OR conjunction  (67)

	OR  shift 71
	BEGIN  reduce 63
	DO  reduce 63
	ELSE  reduce 63
	END  reduce 63
	OF  reduce 63
	THEN  reduce 63
	TO  reduce 63
	COLON  reduce 63
	SEMICOLON  reduce 63
	COMMA  reduce 63
	DOUBLESLASH  reduce 63
	RIGHTPAR  reduce 63
	RIGHTSQUARE  reduce 63


state 34
	disjunction : conjunction .  (66)
	conjunction : conjunction . AND comparison  (69)

	AND  shift 72
	BEGIN  reduce 66
	DO  reduce 66
	ELSE  reduce 66
	END  reduce 66
	OF  reduce 66
	OR  reduce 66
	THEN  reduce 66
	TO  reduce 66
	COLON  reduce 66
	SEMICOLON  reduce 66
	COMMA  reduce 66
	DOUBLESLASH  reduce 66
	RIGHTPAR  reduce 66
	RIGHTSQUARE  reduce 66


state 35
	conjunction : comparison .  (68)

	.  reduce 68


state 36
	comparison : relation .  (70)
	comparison : relation . eqop relation  (71)

	EQ  shift 73
	ET  shift 74
	AND  reduce 70
	BEGIN  reduce 70
	DO  reduce 70
	ELSE  reduce 70
	END  reduce 70
	OF  reduce 70
	OR  reduce 70
	THEN  reduce 70
	TO  reduce 70
	COLON  reduce 70
	SEMICOLON  reduce 70
	COMMA  reduce 70
	DOUBLESLASH  reduce 70
	RIGHTPAR  reduce 70
	RIGHTSQUARE  reduce 70

	eqop  goto 75


state 37
	relation : sum . relop sum  (74)
	relation : sum .  (75)
	sum : sum . addop term  (79)

	LT  shift 76
	GT  shift 77
	PLUS  shift 78
	MINUS  shift 79
	AND  reduce 75
	BEGIN  reduce 75
	DO  reduce 75
	ELSE  reduce 75
	END  reduce 75
	OF  reduce 75
	OR  reduce 75
	THEN  reduce 75
	TO  reduce 75
	COLON  reduce 75
	SEMICOLON  reduce 75
	COMMA  reduce 75
	DOUBLESLASH  reduce 75
	RIGHTPAR  reduce 75
	RIGHTSQUARE  reduce 75
	EQ  reduce 75
	ET  reduce 75

	relop  goto 80
	addop  goto 81


state 38
	sum : term .  (78)
	term : term . mulop factor  (83)

	DIV  shift 82
	MOD  shift 83
	MULTI  shift 84
	DIVIDE  shift 85
	AND  reduce 78
	BEGIN  reduce 78
	DO  reduce 78
	ELSE  reduce 78
	END  reduce 78
	OF  reduce 78
	OR  reduce 78
	THEN  reduce 78
	TO  reduce 78
	COLON  reduce 78
	SEMICOLON  reduce 78
	COMMA  reduce 78
	DOUBLESLASH  reduce 78
	RIGHTPAR  reduce 78
	RIGHTSQUARE  reduce 78
	LT  reduce 78
	GT  reduce 78
	EQ  reduce 78
	ET  reduce 78
	PLUS  reduce 78
	MINUS  reduce 78

	mulop  goto 86


state 39
	term : factor .  (82)

	.  reduce 82


state 40
	factor : primary .  (88)

	.  reduce 88


state 41
	factor : unop . factor  (89)

	INTEGER  shift 18
	FLOAT  shift 19
	IDENTIFIER  shift 20
	DECLARE  shift 1
	CASE  shift 21
	IF  shift 22
	NEW  shift 23
	NOT  shift 24
	LEFTPAR  shift 25
	PLUS  shift 26
	MINUS  shift 27
	.  error

	block  goto 28
	name  goto 87
	procedure_call  goto 31
	factor  goto 88
	primary  goto 40
	unop  goto 41
	denotation  goto 42
	clause  goto 43
	integer  goto 44
	conditional_clause  goto 45
	case_clause  goto 46


state 42
	primary : denotation .  (93)

	.  reduce 93


state 43
	primary : clause .  (97)

	.  reduce 97


state 44
	denotation : integer .  (98)

	.  reduce 98


state 45
	clause : conditional_clause .  (102)

	.  reduce 102


state 46
	clause : case_clause .  (103)

	.  reduce 103


state 47
	type_specification : IDENTIFIER .  (25)

	.  reduce 25


state 48
	variable_declaration : IDENTIFIER COLON ARRAY . LEFTSQUARE bound_pair bound_pair_alpha RIGHTSQUARE ARRAY type_specification  (24)

	LEFTSQUARE  shift 89
	.  error


state 49
	procedure_type : PROCEDURE . procedure_nonempty  (33)
	procedure_nonempty : .  (37)

	COLON  shift 53
	LEFTPAR  shift 90
	BEGIN  reduce 37
	END  reduce 37
	SEMICOLON  reduce 37
	COMMA  reduce 37
	RIGHTPAR  reduce 37

	procedure_nonempty  goto 91
	result_type  goto 92


state 50
	type_specification : REF . type_specification  (26)
	type_specification : REF . array_type  (27)

	IDENTIFIER  shift 47
	ARRAY  shift 93
	PROCEDURE  shift 49
	REF  shift 50
	.  error

	type_specification  goto 94
	array_type  goto 95
	procedure_type  goto 52


state 51
	variable_declaration : IDENTIFIER COLON type_specification .  (23)

	.  reduce 23


state 52
	type_specification : procedure_type .  (28)

	.  reduce 28


state 53
	result_type : COLON . type_specification  (45)

	IDENTIFIER  shift 47
	PROCEDURE  shift 49
	REF  shift 50
	.  error

	type_specification  goto 96
	procedure_type  goto 52


state 54
	procedure : SEMICOLON . expression  (43)

	INTEGER  shift 18
	FLOAT  shift 19
	IDENTIFIER  shift 20
	DECLARE  shift 1
	CASE  shift 21
	IF  shift 22
	NEW  shift 23
	NOT  shift 24
	LEFTPAR  shift 25
	PLUS  shift 26
	MINUS  shift 27
	.  error

	block  goto 28
	expression  goto 97
	name  goto 30
	procedure_call  goto 31
	assignment  goto 32
	disjunction  goto 33
	conjunction  goto 34
	comparison  goto 35
	relation  goto 36
	sum  goto 37
	term  goto 38
	factor  goto 39
	primary  goto 40
	unop  goto 41
	denotation  goto 42
	clause  goto 43
	integer  goto 44
	conditional_clause  goto 45
	case_clause  goto 46


state 55
	procedure : LEFTPAR . parameter parameter_alpha RIGHTPAR SEMICOLON expression  (40)
	procedure : LEFTPAR . parameter parameter_alpha RIGHTPAR result_type SEMICOLON expression  (42)

	IDENTIFIER  shift 98
	.  error

	parameter  goto 99


state 56
	procedure : result_type . SEMICOLON expression  (41)

	SEMICOLON  shift 100
	.  error


state 57
	procedure_declaration : PROCEDURE IDENTIFIER procedure .  (39)

	.  reduce 39


state 58
	type_declaration : TYPE IDENTIFIER EQ . record_type  (46)

	RECORD  shift 101
	.  error

	record_type  goto 102


state 59
	block_alpha : SEMICOLON declaration . block_alpha  (3)
	block_alpha : .  (4)

	SEMICOLON  shift 16
	BEGIN  reduce 4

	block_alpha  goto 103


state 60
	block : DECLARE declaration block_alpha BEGIN . statement statement_alpha END  (2)

	error  shift 104
	INTEGER  shift 18
	FLOAT  shift 19
	IDENTIFIER  shift 105
	DECLARE  shift 1
	CASE  shift 21
	FOR  shift 106
	GOTO  shift 107
	IF  shift 22
	NEW  shift 23
	NOT  shift 24
	WHILE  shift 108
	LEFTPAR  shift 25
	PLUS  shift 26
	MINUS  shift 27
	.  error

	block  goto 28
	statement  goto 109
	label_definition  goto 110
	statement_1  goto 111
	expression  goto 112
	iteration  goto 113
	jump  goto 114
	name  goto 30
	procedure_call  goto 31
	assignment  goto 32
	disjunction  goto 33
	conjunction  goto 34
	comparison  goto 35
	relation  goto 36
	sum  goto 37
	term  goto 38
	factor  goto 39
	primary  goto 40
	unop  goto 41
	denotation  goto 42
	clause  goto 43
	integer  goto 44
	conditional_clause  goto 45
	case_clause  goto 46


state 61
	case_clause : CASE expression . OF case_label COLON statement_list statement_list_alpha ELSE statement_list END  (106)

	OF  shift 115
	.  error


state 62
	conditional_clause : IF expression . THEN statement_list END  (104)
	conditional_clause : IF expression . THEN statement_list ELSE statement_list END  (105)

	THEN  shift 116
	.  error


state 63
	name : NEW IDENTIFIER .  (60)

	.  reduce 60


state 64
	primary : LEFTPAR expression . RIGHTPAR  (95)

	RIGHTPAR  shift 117
	.  error


state 65
	identity_declaration : IDENTIFIER IS expression COLON . type_specification  (38)

	IDENTIFIER  shift 47
	PROCEDURE  shift 49
	REF  shift 50
	.  error

	type_specification  goto 118
	procedure_type  goto 52


state 66
	assign : ASSIGNMENT .  (64)

	.  reduce 64


state 67
	name : name DOT . IDENTIFIER  (58)

	IDENTIFIER  shift 119
	.  error


state 68
	procedure_call : name LEFTPAR . argument argument_alpha RIGHTPAR  (100)

	INTEGER  shift 18
	FLOAT  shift 19
	IDENTIFIER  shift 20
	DECLARE  shift 1
	CASE  shift 21
	IF  shift 22
	NEW  shift 23
	NOT  shift 24
	LEFTPAR  shift 25
	PLUS  shift 26
	MINUS  shift 27
	.  error

	block  goto 28
	expression  goto 120
	name  goto 30
	procedure_call  goto 31
	assignment  goto 32
	disjunction  goto 33
	conjunction  goto 34
	comparison  goto 35
	relation  goto 36
	sum  goto 37
	term  goto 38
	factor  goto 39
	primary  goto 40
	unop  goto 41
	denotation  goto 42
	clause  goto 43
	integer  goto 44
	argument  goto 121
	conditional_clause  goto 45
	case_clause  goto 46


state 69
	name : name LEFTSQUARE . expression expression_alpha RIGHTSQUARE  (59)

	INTEGER  shift 18
	FLOAT  shift 19
	IDENTIFIER  shift 20
	DECLARE  shift 1
	CASE  shift 21
	IF  shift 22
	NEW  shift 23
	NOT  shift 24
	LEFTPAR  shift 25
	PLUS  shift 26
	MINUS  shift 27
	.  error

	block  goto 28
	expression  goto 122
	name  goto 30
	procedure_call  goto 31
	assignment  goto 32
	disjunction  goto 33
	conjunction  goto 34
	comparison  goto 35
	relation  goto 36
	sum  goto 37
	term  goto 38
	factor  goto 39
	primary  goto 40
	unop  goto 41
	denotation  goto 42
	clause  goto 43
	integer  goto 44
	conditional_clause  goto 45
	case_clause  goto 46


state 70
	assignment : name assign . expression  (65)

	INTEGER  shift 18
	FLOAT  shift 19
	IDENTIFIER  shift 20
	DECLARE  shift 1
	CASE  shift 21
	IF  shift 22
	NEW  shift 23
	NOT  shift 24
	LEFTPAR  shift 25
	PLUS  shift 26
	MINUS  shift 27
	.  error

	block  goto 28
	expression  goto 123
	name  goto 30
	procedure_call  goto 31
	assignment  goto 32
	disjunction  goto 33
	conjunction  goto 34
	comparison  goto 35
	relation  goto 36
	sum  goto 37
	term  goto 38
	factor  goto 39
	primary  goto 40
	unop  goto 41
	denotation  goto 42
	clause  goto 43
	integer  goto 44
	conditional_clause  goto 45
	case_clause  goto 46


state 71
	disjunction : disjunction OR . conjunction  (67)

	INTEGER  shift 18
	FLOAT  shift 19
	IDENTIFIER  shift 20
	DECLARE  shift 1
	CASE  shift 21
	IF  shift 22
	NEW  shift 23
	NOT  shift 24
	LEFTPAR  shift 25
	PLUS  shift 26
	MINUS  shift 27
	.  error

	block  goto 28
	name  goto 87
	procedure_call  goto 31
	conjunction  goto 124
	comparison  goto 35
	relation  goto 36
	sum  goto 37
	term  goto 38
	factor  goto 39
	primary  goto 40
	unop  goto 41
	denotation  goto 42
	clause  goto 43
	integer  goto 44
	conditional_clause  goto 45
	case_clause  goto 46


state 72
	conjunction : conjunction AND . comparison  (69)

	INTEGER  shift 18
	FLOAT  shift 19
	IDENTIFIER  shift 20
	DECLARE  shift 1
	CASE  shift 21
	IF  shift 22
	NEW  shift 23
	NOT  shift 24
	LEFTPAR  shift 25
	PLUS  shift 26
	MINUS  shift 27
	.  error

	block  goto 28
	name  goto 87
	procedure_call  goto 31
	comparison  goto 125
	relation  goto 36
	sum  goto 37
	term  goto 38
	factor  goto 39
	primary  goto 40
	unop  goto 41
	denotation  goto 42
	clause  goto 43
	integer  goto 44
	conditional_clause  goto 45
	case_clause  goto 46


state 73
	eqop : EQ .  (72)

	.  reduce 72


state 74
	eqop : ET .  (73)

	.  reduce 73


state 75
	comparison : relation eqop . relation  (71)

	INTEGER  shift 18
	FLOAT  shift 19
	IDENTIFIER  shift 20
	DECLARE  shift 1
	CASE  shift 21
	IF  shift 22
	NEW  shift 23
	NOT  shift 24
	LEFTPAR  shift 25
	PLUS  shift 26
	MINUS  shift 27
	.  error

	block  goto 28
	name  goto 87
	procedure_call  goto 31
	relation  goto 126
	sum  goto 37
	term  goto 38
	factor  goto 39
	primary  goto 40
	unop  goto 41
	denotation  goto 42
	clause  goto 43
	integer  goto 44
	conditional_clause  goto 45
	case_clause  goto 46


state 76
	relop : LT .  (76)

	.  reduce 76


state 77
	relop : GT .  (77)

	.  reduce 77


state 78
	addop : PLUS .  (80)

	.  reduce 80


state 79
	addop : MINUS .  (81)

	.  reduce 81


state 80
	relation : sum relop . sum  (74)

	INTEGER  shift 18
	FLOAT  shift 19
	IDENTIFIER  shift 20
	DECLARE  shift 1
	CASE  shift 21
	IF  shift 22
	NEW  shift 23
	NOT  shift 24
	LEFTPAR  shift 25
	PLUS  shift 26
	MINUS  shift 27
	.  error

	block  goto 28
	name  goto 87
	procedure_call  goto 31
	sum  goto 127
	term  goto 38
	factor  goto 39
	primary  goto 40
	unop  goto 41
	denotation  goto 42
	clause  goto 43
	integer  goto 44
	conditional_clause  goto 45
	case_clause  goto 46


state 81
	sum : sum addop . term  (79)

	INTEGER  shift 18
	FLOAT  shift 19
	IDENTIFIER  shift 20
	DECLARE  shift 1
	CASE  shift 21
	IF  shift 22
	NEW  shift 23
	NOT  shift 24
	LEFTPAR  shift 25
	PLUS  shift 26
	MINUS  shift 27
	.  error

	block  goto 28
	name  goto 87
	procedure_call  goto 31
	term  goto 128
	factor  goto 39
	primary  goto 40
	unop  goto 41
	denotation  goto 42
	clause  goto 43
	integer  goto 44
	conditional_clause  goto 45
	case_clause  goto 46


state 82
	mulop : DIV .  (86)

	.  reduce 86


state 83
	mulop : MOD .  (87)

	.  reduce 87


state 84
	mulop : MULTI .  (84)

	.  reduce 84


state 85
	mulop : DIVIDE .  (85)

	.  reduce 85


state 86
	term : term mulop . factor  (83)

	INTEGER  shift 18
	FLOAT  shift 19
	IDENTIFIER  shift 20
	DECLARE  shift 1
	CASE  shift 21
	IF  shift 22
	NEW  shift 23
	NOT  shift 24
	LEFTPAR  shift 25
	PLUS  shift 26
	MINUS  shift 27
	.  error

	block  goto 28
	name  goto 87
	procedure_call  goto 31
	factor  goto 129
	primary  goto 40
	unop  goto 41
	denotation  goto 42
	clause  goto 43
	integer  goto 44
	conditional_clause  goto 45
	case_clause  goto 46


state 87
	name : name . DOT IDENTIFIER  (58)
	name : name . LEFTSQUARE expression expression_alpha RIGHTSQUARE  (59)
	primary : name .  (94)
	procedure_call : name . LEFTPAR argument argument_alpha RIGHTPAR  (100)

	DOT  shift 67
	LEFTPAR  shift 68
	LEFTSQUARE  shift 69
	AND  reduce 94
	BEGIN  reduce 94
	DIV  reduce 94
	DO  reduce 94
	ELSE  reduce 94
	END  reduce 94
	MOD  reduce 94
	OF  reduce 94
	OR  reduce 94
	THEN  reduce 94
	TO  reduce 94
	COLON  reduce 94
	SEMICOLON  reduce 94
	COMMA  reduce 94
	DOUBLESLASH  reduce 94
	RIGHTPAR  reduce 94
	RIGHTSQUARE  reduce 94
	LT  reduce 94
	GT  reduce 94
	EQ  reduce 94
	ET  reduce 94
	PLUS  reduce 94
	MINUS  reduce 94
	MULTI  reduce 94
	DIVIDE  reduce 94


state 88
	factor : unop factor .  (89)

	.  reduce 89


state 89
	variable_declaration : IDENTIFIER COLON ARRAY LEFTSQUARE . bound_pair bound_pair_alpha RIGHTSQUARE ARRAY type_specification  (24)

	INTEGER  shift 18
	FLOAT  shift 19
	IDENTIFIER  shift 20
	DECLARE  shift 1
	CASE  shift 21
	IF  shift 22
	NEW  shift 23
	NOT  shift 24
	LEFTPAR  shift 25
	PLUS  shift 26
	MINUS  shift 27
	.  error

	block  goto 28
	expression  goto 130
	bound_pair  goto 131
	name  goto 30
	procedure_call  goto 31
	assignment  goto 32
	disjunction  goto 33
	conjunction  goto 34
	comparison  goto 35
	relation  goto 36
	sum  goto 37
	term  goto 38
	factor  goto 39
	primary  goto 40
	unop  goto 41
	denotation  goto 42
	clause  goto 43
	integer  goto 44
	conditional_clause  goto 45
	case_clause  goto 46


state 90
	procedure_nonempty : LEFTPAR . type_specification type_specification_alpha RIGHTPAR  (34)
	procedure_nonempty : LEFTPAR . type_specification type_specification_alpha RIGHTPAR result_type  (36)

	IDENTIFIER  shift 47
	PROCEDURE  shift 49
	REF  shift 50
	.  error

	type_specification  goto 132
	procedure_type  goto 52


state 91
	procedure_type : PROCEDURE procedure_nonempty .  (33)

	.  reduce 33


state 92
	procedure_nonempty : result_type .  (35)

	.  reduce 35


state 93
	array_type : ARRAY . LEFTSQUARE special RIGHTSQUARE OF type_specification  (30)

	LEFTSQUARE  shift 133
	.  error


state 94
	type_specification : REF type_specification .  (26)

	.  reduce 26


state 95
	type_specification : REF array_type .  (27)

	.  reduce 27


state 96
	result_type : COLON type_specification .  (45)

	.  reduce 45


state 97
	procedure : SEMICOLON expression .  (43)

	.  reduce 43


state 98
	parameter : IDENTIFIER . COLON type_specification  (44)

	COLON  shift 134
	.  error


state 99
	procedure : LEFTPAR parameter . parameter_alpha RIGHTPAR SEMICOLON expression  (40)
	procedure : LEFTPAR parameter . parameter_alpha RIGHTPAR result_type SEMICOLON expression  (42)
	parameter_alpha : .  (54)

	SEMICOLON  shift 135
	RIGHTPAR  reduce 54

	parameter_alpha  goto 136


state 100
	procedure : result_type SEMICOLON . expression  (41)

	INTEGER  shift 18
	FLOAT  shift 19
	IDENTIFIER  shift 20
	DECLARE  shift 1
	CASE  shift 21
	IF  shift 22
	NEW  shift 23
	NOT  shift 24
	LEFTPAR  shift 25
	PLUS  shift 26
	MINUS  shift 27
	.  error

	block  goto 28
	expression  goto 137
	name  goto 30
	procedure_call  goto 31
	assignment  goto 32
	disjunction  goto 33
	conjunction  goto 34
	comparison  goto 35
	relation  goto 36
	sum  goto 37
	term  goto 38
	factor  goto 39
	primary  goto 40
	unop  goto 41
	denotation  goto 42
	clause  goto 43
	integer  goto 44
	conditional_clause  goto 45
	case_clause  goto 46


state 101
	record_type : RECORD . field field_alpha END  (47)

	IDENTIFIER  shift 138
	.  error

	field  goto 139


state 102
	type_declaration : TYPE IDENTIFIER EQ record_type .  (46)

	.  reduce 46


state 103
	block_alpha : SEMICOLON declaration block_alpha .  (3)

	.  reduce 3


state 104
	statement : error . SEMICOLON  (10)

	SEMICOLON  shift 140
	.  error


state 105
	label_definition : IDENTIFIER . COLON  (14)
	name : IDENTIFIER .  (57)

	COLON  shift 141
	ASSIGNMENT  reduce 57
	AND  reduce 57
	DIV  reduce 57
	ELSE  reduce 57
	END  reduce 57
	MOD  reduce 57
	OR  reduce 57
	SEMICOLON  reduce 57
	DOT  reduce 57
	DOUBLESLASH  reduce 57
	LEFTPAR  reduce 57
	LEFTSQUARE  reduce 57
	LT  reduce 57
	GT  reduce 57
	EQ  reduce 57
	ET  reduce 57
	PLUS  reduce 57
	MINUS  reduce 57
	MULTI  reduce 57
	DIVIDE  reduce 57


state 106
	iteration : FOR . IDENTIFIER FROM expression TO expression loop  (16)

	IDENTIFIER  shift 142
	.  error


state 107
	jump : GOTO . IDENTIFIER  (18)

	IDENTIFIER  shift 143
	.  error


state 108
	iteration : WHILE . expression loop  (15)

	INTEGER  shift 18
	FLOAT  shift 19
	IDENTIFIER  shift 20
	DECLARE  shift 1
	CASE  shift 21
	IF  shift 22
	NEW  shift 23
	NOT  shift 24
	LEFTPAR  shift 25
	PLUS  shift 26
	MINUS  shift 27
	.  error

	block  goto 28
	expression  goto 144
	name  goto 30
	procedure_call  goto 31
	assignment  goto 32
	disjunction  goto 33
	conjunction  goto 34
	comparison  goto 35
	relation  goto 36
	sum  goto 37
	term  goto 38
	factor  goto 39
	primary  goto 40
	unop  goto 41
	denotation  goto 42
	clause  goto 43
	integer  goto 44
	conditional_clause  goto 45
	case_clause  goto 46


state 109
	block : DECLARE declaration block_alpha BEGIN statement . statement_alpha END  (2)
	statement_alpha : .  (6)

	SEMICOLON  shift 145
	END  reduce 6

	statement_alpha  goto 146


state 110
	statement : label_definition . statement_1  (8)

	INTEGER  shift 18
	FLOAT  shift 19
	IDENTIFIER  shift 20
	DECLARE  shift 1
	CASE  shift 21
	FOR  shift 106
	GOTO  shift 107
	IF  shift 22
	NEW  shift 23
	NOT  shift 24
	WHILE  shift 108
	LEFTPAR  shift 25
	PLUS  shift 26
	MINUS  shift 27
	.  error

	block  goto 28
	statement_1  goto 147
	expression  goto 112
	iteration  goto 113
	jump  goto 114
	name  goto 30
	procedure_call  goto 31
	assignment  goto 32
	disjunction  goto 33
	conjunction  goto 34
	comparison  goto 35
	relation  goto 36
	sum  goto 37
	term  goto 38
	factor  goto 39
	primary  goto 40
	unop  goto 41
	denotation  goto 42
	clause  goto 43
	integer  goto 44
	conditional_clause  goto 45
	case_clause  goto 46


state 111
	statement : statement_1 .  (9)

	.  reduce 9


state 112
	statement_1 : expression .  (11)

	.  reduce 11


state 113
	statement_1 : iteration .  (12)

	.  reduce 12


state 114
	statement_1 : jump .  (13)

	.  reduce 13


state 115
	case_clause : CASE expression OF . case_label COLON statement_list statement_list_alpha ELSE statement_list END  (106)

	INTEGER  shift 18
	.  error

	integer  goto 148
	case_label  goto 149


state 116
	conditional_clause : IF expression THEN . statement_list END  (104)
	conditional_clause : IF expression THEN . statement_list ELSE statement_list END  (105)

	error  shift 104
	INTEGER  shift 18
	FLOAT  shift 19
	IDENTIFIER  shift 105
	DECLARE  shift 1
	CASE  shift 21
	FOR  shift 106
	GOTO  shift 107
	IF  shift 22
	NEW  shift 23
	NOT  shift 24
	WHILE  shift 108
	LEFTPAR  shift 25
	PLUS  shift 26
	MINUS  shift 27
	.  error

	block  goto 28
	statement  goto 150
	statement_list  goto 151
	label_definition  goto 110
	statement_1  goto 111
	expression  goto 112
	iteration  goto 113
	jump  goto 114
	name  goto 30
	procedure_call  goto 31
	assignment  goto 32
	disjunction  goto 33
	conjunction  goto 34
	comparison  goto 35
	relation  goto 36
	sum  goto 37
	term  goto 38
	factor  goto 39
	primary  goto 40
	unop  goto 41
	denotation  goto 42
	clause  goto 43
	integer  goto 44
	conditional_clause  goto 45
	case_clause  goto 46


state 117
	primary : LEFTPAR expression RIGHTPAR .  (95)

	.  reduce 95


state 118
	identity_declaration : IDENTIFIER IS expression COLON type_specification .  (38)

	.  reduce 38


state 119
	name : name DOT IDENTIFIER .  (58)

	.  reduce 58


state 120
	argument : expression .  (101)

	.  reduce 101


state 121
	procedure_call : name LEFTPAR argument . argument_alpha RIGHTPAR  (100)
	argument_alpha : .  (111)

	COMMA  shift 152
	RIGHTPAR  reduce 111

	argument_alpha  goto 153


state 122
	name : name LEFTSQUARE expression . expression_alpha RIGHTSQUARE  (59)
	expression_alpha : .  (109)

	COMMA  shift 154
	RIGHTSQUARE  reduce 109

	expression_alpha  goto 155


state 123
	assignment : name assign expression .  (65)

	.  reduce 65


state 124
	disjunction : disjunction OR conjunction .  (67)
	conjunction : conjunction . AND comparison  (69)

	AND  shift 72
	BEGIN  reduce 67
	DO  reduce 67
	ELSE  reduce 67
	END  reduce 67
	OF  reduce 67
	OR  reduce 67
	THEN  reduce 67
	TO  reduce 67
	COLON  reduce 67
	SEMICOLON  reduce 67
	COMMA  reduce 67
	DOUBLESLASH  reduce 67
	RIGHTPAR  reduce 67
	RIGHTSQUARE  reduce 67


state 125
	conjunction : conjunction AND comparison .  (69)

	.  reduce 69


state 126
	comparison : relation eqop relation .  (71)

	.  reduce 71


state 127
	relation : sum relop sum .  (74)
	sum : sum . addop term  (79)

	PLUS  shift 78
	MINUS  shift 79
	AND  reduce 74
	BEGIN  reduce 74
	DO  reduce 74
	ELSE  reduce 74
	END  reduce 74
	OF  reduce 74
	OR  reduce 74
	THEN  reduce 74
	TO  reduce 74
	COLON  reduce 74
	SEMICOLON  reduce 74
	COMMA  reduce 74
	DOUBLESLASH  reduce 74
	RIGHTPAR  reduce 74
	RIGHTSQUARE  reduce 74
	EQ  reduce 74
	ET  reduce 74

	addop  goto 81


state 128
	sum : sum addop term .  (79)
	term : term . mulop factor  (83)

	DIV  shift 82
	MOD  shift 83
	MULTI  shift 84
	DIVIDE  shift 85
	AND  reduce 79
	BEGIN  reduce 79
	DO  reduce 79
	ELSE  reduce 79
	END  reduce 79
	OF  reduce 79
	OR  reduce 79
	THEN  reduce 79
	TO  reduce 79
	COLON  reduce 79
	SEMICOLON  reduce 79
	COMMA  reduce 79
	DOUBLESLASH  reduce 79
	RIGHTPAR  reduce 79
	RIGHTSQUARE  reduce 79
	LT  reduce 79
	GT  reduce 79
	EQ  reduce 79
	ET  reduce 79
	PLUS  reduce 79
	MINUS  reduce 79

	mulop  goto 86


state 129
	term : term mulop factor .  (83)

	.  reduce 83


state 130
	bound_pair : expression . COLON expression  (29)

	COLON  shift 156
	.  error


state 131
	variable_declaration : IDENTIFIER COLON ARRAY LEFTSQUARE bound_pair . bound_pair_alpha RIGHTSQUARE ARRAY type_specification  (24)
	bound_pair_alpha : .  (50)

	COMMA  shift 157
	RIGHTSQUARE  reduce 50

	bound_pair_alpha  goto 158


state 132
	procedure_nonempty : LEFTPAR type_specification . type_specification_alpha RIGHTPAR  (34)
	procedure_nonempty : LEFTPAR type_specification . type_specification_alpha RIGHTPAR result_type  (36)
	type_specification_alpha : .  (52)

	COMMA  shift 159
	RIGHTPAR  reduce 52

	type_specification_alpha  goto 160


state 133
	array_type : ARRAY LEFTSQUARE . special RIGHTSQUARE OF type_specification  (30)
	special : .  (32)

	COMMA  shift 161
	RIGHTSQUARE  reduce 32

	special  goto 162


state 134
	parameter : IDENTIFIER COLON . type_specification  (44)

	IDENTIFIER  shift 47
	PROCEDURE  shift 49
	REF  shift 50
	.  error

	type_specification  goto 163
	procedure_type  goto 52


state 135
	parameter_alpha : SEMICOLON . parameter parameter_alpha  (53)

	IDENTIFIER  shift 98
	.  error

	parameter  goto 164


state 136
	procedure : LEFTPAR parameter parameter_alpha . RIGHTPAR SEMICOLON expression  (40)
	procedure : LEFTPAR parameter parameter_alpha . RIGHTPAR result_type SEMICOLON expression  (42)

	RIGHTPAR  shift 165
	.  error


state 137
	procedure : result_type SEMICOLON expression .  (41)

	.  reduce 41


state 138
	field : IDENTIFIER . COLON type_specification  (48)

	COLON  shift 166
	.  error


state 139
	record_type : RECORD field . field_alpha END  (47)
	field_alpha : .  (56)

	SEMICOLON  shift 167
	END  reduce 56

	field_alpha  goto 168


state 140
	statement : error SEMICOLON .  (10)

	.  reduce 10


state 141
	label_definition : IDENTIFIER COLON .  (14)

	.  reduce 14


state 142
	iteration : FOR IDENTIFIER . FROM expression TO expression loop  (16)

	FROM  shift 169
	.  error


state 143
	jump : GOTO IDENTIFIER .  (18)

	.  reduce 18


state 144
	iteration : WHILE expression . loop  (15)

	DO  shift 170
	.  error

	loop  goto 171


state 145
	statement_alpha : SEMICOLON . statement statement_alpha  (5)

	error  shift 104
	INTEGER  shift 18
	FLOAT  shift 19
	IDENTIFIER  shift 105
	DECLARE  shift 1
	CASE  shift 21
	FOR  shift 106
	GOTO  shift 107
	IF  shift 22
	NEW  shift 23
	NOT  shift 24
	WHILE  shift 108
	LEFTPAR  shift 25
	PLUS  shift 26
	MINUS  shift 27
	.  error

	block  goto 28
	statement  goto 172
	label_definition  goto 110
	statement_1  goto 111
	expression  goto 112
	iteration  goto 113
	jump  goto 114
	name  goto 30
	procedure_call  goto 31
	assignment  goto 32
	disjunction  goto 33
	conjunction  goto 34
	comparison  goto 35
	relation  goto 36
	sum  goto 37
	term  goto 38
	factor  goto 39
	primary  goto 40
	unop  goto 41
	denotation  goto 42
	clause  goto 43
	integer  goto 44
	conditional_clause  goto 45
	case_clause  goto 46


state 146
	block : DECLARE declaration block_alpha BEGIN statement statement_alpha . END  (2)

	END  shift 173
	.  error


state 147
	statement : label_definition statement_1 .  (8)

	.  reduce 8


state 148
	case_label : integer .  (107)

	.  reduce 107


state 149
	case_clause : CASE expression OF case_label . COLON statement_list statement_list_alpha ELSE statement_list END  (106)

	COLON  shift 174
	.  error


state 150
	statement_list : statement . statement_alpha  (7)
	statement_alpha : .  (6)

	SEMICOLON  shift 145
	ELSE  reduce 6
	END  reduce 6
	DOUBLESLASH  reduce 6

	statement_alpha  goto 175


state 151
	conditional_clause : IF expression THEN statement_list . END  (104)
	conditional_clause : IF expression THEN statement_list . ELSE statement_list END  (105)

	ELSE  shift 176
	END  shift 177
	.  error


state 152
	argument_alpha : COMMA . argument argument_alpha  (110)

	INTEGER  shift 18
	FLOAT  shift 19
	IDENTIFIER  shift 20
	DECLARE  shift 1
	CASE  shift 21
	IF  shift 22
	NEW  shift 23
	NOT  shift 24
	LEFTPAR  shift 25
	PLUS  shift 26
	MINUS  shift 27
	.  error

	block  goto 28
	expression  goto 120
	name  goto 30
	procedure_call  goto 31
	assignment  goto 32
	disjunction  goto 33
	conjunction  goto 34
	comparison  goto 35
	relation  goto 36
	sum  goto 37
	term  goto 38
	factor  goto 39
	primary  goto 40
	unop  goto 41
	denotation  goto 42
	clause  goto 43
	integer  goto 44
	argument  goto 178
	conditional_clause  goto 45
	case_clause  goto 46


state 153
	procedure_call : name LEFTPAR argument argument_alpha . RIGHTPAR  (100)

	RIGHTPAR  shift 179
	.  error


state 154
	expression_alpha : COMMA . expression expression_alpha  (108)

	INTEGER  shift 18
	FLOAT  shift 19
	IDENTIFIER  shift 20
	DECLARE  shift 1
	CASE  shift 21
	IF  shift 22
	NEW  shift 23
	NOT  shift 24
	LEFTPAR  shift 25
	PLUS  shift 26
	MINUS  shift 27
	.  error

	block  goto 28
	expression  goto 180
	name  goto 30
	procedure_call  goto 31
	assignment  goto 32
	disjunction  goto 33
	conjunction  goto 34
	comparison  goto 35
	relation  goto 36
	sum  goto 37
	term  goto 38
	factor  goto 39
	primary  goto 40
	unop  goto 41
	denotation  goto 42
	clause  goto 43
	integer  goto 44
	conditional_clause  goto 45
	case_clause  goto 46


state 155
	name : name LEFTSQUARE expression expression_alpha . RIGHTSQUARE  (59)

	RIGHTSQUARE  shift 181
	.  error


state 156
	bound_pair : expression COLON . expression  (29)

	INTEGER  shift 18
	FLOAT  shift 19
	IDENTIFIER  shift 20
	DECLARE  shift 1
	CASE  shift 21
	IF  shift 22
	NEW  shift 23
	NOT  shift 24
	LEFTPAR  shift 25
	PLUS  shift 26
	MINUS  shift 27
	.  error

	block  goto 28
	expression  goto 182
	name  goto 30
	procedure_call  goto 31
	assignment  goto 32
	disjunction  goto 33
	conjunction  goto 34
	comparison  goto 35
	relation  goto 36
	sum  goto 37
	term  goto 38
	factor  goto 39
	primary  goto 40
	unop  goto 41
	denotation  goto 42
	clause  goto 43
	integer  goto 44
	conditional_clause  goto 45
	case_clause  goto 46


state 157
	bound_pair_alpha : COMMA . bound_pair bound_pair_alpha  (49)

	INTEGER  shift 18
	FLOAT  shift 19
	IDENTIFIER  shift 20
	DECLARE  shift 1
	CASE  shift 21
	IF  shift 22
	NEW  shift 23
	NOT  shift 24
	LEFTPAR  shift 25
	PLUS  shift 26
	MINUS  shift 27
	.  error

	block  goto 28
	expression  goto 130
	bound_pair  goto 183
	name  goto 30
	procedure_call  goto 31
	assignment  goto 32
	disjunction  goto 33
	conjunction  goto 34
	comparison  goto 35
	relation  goto 36
	sum  goto 37
	term  goto 38
	factor  goto 39
	primary  goto 40
	unop  goto 41
	denotation  goto 42
	clause  goto 43
	integer  goto 44
	conditional_clause  goto 45
	case_clause  goto 46


state 158
	variable_declaration : IDENTIFIER COLON ARRAY LEFTSQUARE bound_pair bound_pair_alpha . RIGHTSQUARE ARRAY type_specification  (24)

	RIGHTSQUARE  shift 184
	.  error


state 159
	type_specification_alpha : COMMA . type_specification type_specification_alpha  (51)

	IDENTIFIER  shift 47
	PROCEDURE  shift 49
	REF  shift 50
	.  error

	type_specification  goto 185
	procedure_type  goto 52


state 160
	procedure_nonempty : LEFTPAR type_specification type_specification_alpha . RIGHTPAR  (34)
	procedure_nonempty : LEFTPAR type_specification type_specification_alpha . RIGHTPAR result_type  (36)

	RIGHTPAR  shift 186
	.  error


state 161
	special : COMMA . special  (31)
	special : .  (32)

	COMMA  shift 161
	RIGHTSQUARE  reduce 32

	special  goto 187


state 162
	array_type : ARRAY LEFTSQUARE special . RIGHTSQUARE OF type_specification  (30)

	RIGHTSQUARE  shift 188
	.  error


state 163
	parameter : IDENTIFIER COLON type_specification .  (44)

	.  reduce 44


state 164
	parameter_alpha : SEMICOLON parameter . parameter_alpha  (53)
	parameter_alpha : .  (54)

	SEMICOLON  shift 135
	RIGHTPAR  reduce 54

	parameter_alpha  goto 189


state 165
	procedure : LEFTPAR parameter parameter_alpha RIGHTPAR . SEMICOLON expression  (40)
	procedure : LEFTPAR parameter parameter_alpha RIGHTPAR . result_type SEMICOLON expression  (42)

	COLON  shift 53
	SEMICOLON  shift 190
	.  error

	result_type  goto 191


state 166
	field : IDENTIFIER COLON . type_specification  (48)

	IDENTIFIER  shift 47
	PROCEDURE  shift 49
	REF  shift 50
	.  error

	type_specification  goto 192
	procedure_type  goto 52


state 167
	field_alpha : SEMICOLON . field field_alpha  (55)

	IDENTIFIER  shift 138
	.  error

	field  goto 193


state 168
	record_type : RECORD field field_alpha . END  (47)

	END  shift 194
	.  error


state 169
	iteration : FOR IDENTIFIER FROM . expression TO expression loop  (16)

	INTEGER  shift 18
	FLOAT  shift 19
	IDENTIFIER  shift 20
	DECLARE  shift 1
	CASE  shift 21
	IF  shift 22
	NEW  shift 23
	NOT  shift 24
	LEFTPAR  shift 25
	PLUS  shift 26
	MINUS  shift 27
	.  error

	block  goto 28
	expression  goto 195
	name  goto 30
	procedure_call  goto 31
	assignment  goto 32
	disjunction  goto 33
	conjunction  goto 34
	comparison  goto 35
	relation  goto 36
	sum  goto 37
	term  goto 38
	factor  goto 39
	primary  goto 40
	unop  goto 41
	denotation  goto 42
	clause  goto 43
	integer  goto 44
	conditional_clause  goto 45
	case_clause  goto 46


state 170
	loop : DO . statement_list END  (17)

	error  shift 104
	INTEGER  shift 18
	FLOAT  shift 19
	IDENTIFIER  shift 105
	DECLARE  shift 1
	CASE  shift 21
	FOR  shift 106
	GOTO  shift 107
	IF  shift 22
	NEW  shift 23
	NOT  shift 24
	WHILE  shift 108
	LEFTPAR  shift 25
	PLUS  shift 26
	MINUS  shift 27
	.  error

	block  goto 28
	statement  goto 150
	statement_list  goto 196
	label_definition  goto 110
	statement_1  goto 111
	expression  goto 112
	iteration  goto 113
	jump  goto 114
	name  goto 30
	procedure_call  goto 31
	assignment  goto 32
	disjunction  goto 33
	conjunction  goto 34
	comparison  goto 35
	relation  goto 36
	sum  goto 37
	term  goto 38
	factor  goto 39
	primary  goto 40
	unop  goto 41
	denotation  goto 42
	clause  goto 43
	integer  goto 44
	conditional_clause  goto 45
	case_clause  goto 46


state 171
	iteration : WHILE expression loop .  (15)

	.  reduce 15


state 172
	statement_alpha : SEMICOLON statement . statement_alpha  (5)
	statement_alpha : .  (6)

	SEMICOLON  shift 145
	ELSE  reduce 6
	END  reduce 6
	DOUBLESLASH  reduce 6

	statement_alpha  goto 197


state 173
	block : DECLARE declaration block_alpha BEGIN statement statement_alpha END .  (2)

	.  reduce 2


state 174
	case_clause : CASE expression OF case_label COLON . statement_list statement_list_alpha ELSE statement_list END  (106)

	error  shift 104
	INTEGER  shift 18
	FLOAT  shift 19
	IDENTIFIER  shift 105
	DECLARE  shift 1
	CASE  shift 21
	FOR  shift 106
	GOTO  shift 107
	IF  shift 22
	NEW  shift 23
	NOT  shift 24
	WHILE  shift 108
	LEFTPAR  shift 25
	PLUS  shift 26
	MINUS  shift 27
	.  error

	block  goto 28
	statement  goto 150
	statement_list  goto 198
	label_definition  goto 110
	statement_1  goto 111
	expression  goto 112
	iteration  goto 113
	jump  goto 114
	name  goto 30
	procedure_call  goto 31
	assignment  goto 32
	disjunction  goto 33
	conjunction  goto 34
	comparison  goto 35
	relation  goto 36
	sum  goto 37
	term  goto 38
	factor  goto 39
	primary  goto 40
	unop  goto 41
	denotation  goto 42
	clause  goto 43
	integer  goto 44
	conditional_clause  goto 45
	case_clause  goto 46


state 175
	statement_list : statement statement_alpha .  (7)

	.  reduce 7


state 176
	conditional_clause : IF expression THEN statement_list ELSE . statement_list END  (105)

	error  shift 104
	INTEGER  shift 18
	FLOAT  shift 19
	IDENTIFIER  shift 105
	DECLARE  shift 1
	CASE  shift 21
	FOR  shift 106
	GOTO  shift 107
	IF  shift 22
	NEW  shift 23
	NOT  shift 24
	WHILE  shift 108
	LEFTPAR  shift 25
	PLUS  shift 26
	MINUS  shift 27
	.  error

	block  goto 28
	statement  goto 150
	statement_list  goto 199
	label_definition  goto 110
	statement_1  goto 111
	expression  goto 112
	iteration  goto 113
	jump  goto 114
	name  goto 30
	procedure_call  goto 31
	assignment  goto 32
	disjunction  goto 33
	conjunction  goto 34
	comparison  goto 35
	relation  goto 36
	sum  goto 37
	term  goto 38
	factor  goto 39
	primary  goto 40
	unop  goto 41
	denotation  goto 42
	clause  goto 43
	integer  goto 44
	conditional_clause  goto 45
	case_clause  goto 46


state 177
	conditional_clause : IF expression THEN statement_list END .  (104)

	.  reduce 104


state 178
	argument_alpha : COMMA argument . argument_alpha  (110)
	argument_alpha : .  (111)

	COMMA  shift 152
	RIGHTPAR  reduce 111

	argument_alpha  goto 200


state 179
	procedure_call : name LEFTPAR argument argument_alpha RIGHTPAR .  (100)

	.  reduce 100


state 180
	expression_alpha : COMMA expression . expression_alpha  (108)
	expression_alpha : .  (109)

	COMMA  shift 154
	RIGHTSQUARE  reduce 109

	expression_alpha  goto 201


state 181
	name : name LEFTSQUARE expression expression_alpha RIGHTSQUARE .  (59)

	.  reduce 59


state 182
	bound_pair : expression COLON expression .  (29)

	.  reduce 29


state 183
	bound_pair_alpha : COMMA bound_pair . bound_pair_alpha  (49)
	bound_pair_alpha : .  (50)

	COMMA  shift 157
	RIGHTSQUARE  reduce 50

	bound_pair_alpha  goto 202


state 184
	variable_declaration : IDENTIFIER COLON ARRAY LEFTSQUARE bound_pair bound_pair_alpha RIGHTSQUARE . ARRAY type_specification  (24)

	ARRAY  shift 203
	.  error


state 185
	type_specification_alpha : COMMA type_specification . type_specification_alpha  (51)
	type_specification_alpha : .  (52)

	COMMA  shift 159
	RIGHTPAR  reduce 52

	type_specification_alpha  goto 204


state 186
	procedure_nonempty : LEFTPAR type_specification type_specification_alpha RIGHTPAR .  (34)
	procedure_nonempty : LEFTPAR type_specification type_specification_alpha RIGHTPAR . result_type  (36)

	COLON  shift 53
	BEGIN  reduce 34
	END  reduce 34
	SEMICOLON  reduce 34
	COMMA  reduce 34
	RIGHTPAR  reduce 34

	result_type  goto 205


state 187
	special : COMMA special .  (31)

	.  reduce 31


state 188
	array_type : ARRAY LEFTSQUARE special RIGHTSQUARE . OF type_specification  (30)

	OF  shift 206
	.  error


state 189
	parameter_alpha : SEMICOLON parameter parameter_alpha .  (53)

	.  reduce 53


state 190
	procedure : LEFTPAR parameter parameter_alpha RIGHTPAR SEMICOLON . expression  (40)

	INTEGER  shift 18
	FLOAT  shift 19
	IDENTIFIER  shift 20
	DECLARE  shift 1
	CASE  shift 21
	IF  shift 22
	NEW  shift 23
	NOT  shift 24
	LEFTPAR  shift 25
	PLUS  shift 26
	MINUS  shift 27
	.  error

	block  goto 28
	expression  goto 207
	name  goto 30
	procedure_call  goto 31
	assignment  goto 32
	disjunction  goto 33
	conjunction  goto 34
	comparison  goto 35
	relation  goto 36
	sum  goto 37
	term  goto 38
	factor  goto 39
	primary  goto 40
	unop  goto 41
	denotation  goto 42
	clause  goto 43
	integer  goto 44
	conditional_clause  goto 45
	case_clause  goto 46


state 191
	procedure : LEFTPAR parameter parameter_alpha RIGHTPAR result_type . SEMICOLON expression  (42)

	SEMICOLON  shift 208
	.  error


state 192
	field : IDENTIFIER COLON type_specification .  (48)

	.  reduce 48


state 193
	field_alpha : SEMICOLON field . field_alpha  (55)
	field_alpha : .  (56)

	SEMICOLON  shift 167
	END  reduce 56

	field_alpha  goto 209


state 194
	record_type : RECORD field field_alpha END .  (47)

	.  reduce 47


state 195
	iteration : FOR IDENTIFIER FROM expression . TO expression loop  (16)

	TO  shift 210
	.  error


state 196
	loop : DO statement_list . END  (17)

	END  shift 211
	.  error


state 197
	statement_alpha : SEMICOLON statement statement_alpha .  (5)

	.  reduce 5


state 198
	case_clause : CASE expression OF case_label COLON statement_list . statement_list_alpha ELSE statement_list END  (106)
	statement_list_alpha : .  (113)

	DOUBLESLASH  shift 212
	ELSE  reduce 113

	statement_list_alpha  goto 213


state 199
	conditional_clause : IF expression THEN statement_list ELSE statement_list . END  (105)

	END  shift 214
	.  error


state 200
	argument_alpha : COMMA argument argument_alpha .  (110)

	.  reduce 110


state 201
	expression_alpha : COMMA expression expression_alpha .  (108)

	.  reduce 108


state 202
	bound_pair_alpha : COMMA bound_pair bound_pair_alpha .  (49)

	.  reduce 49


state 203
	variable_declaration : IDENTIFIER COLON ARRAY LEFTSQUARE bound_pair bound_pair_alpha RIGHTSQUARE ARRAY . type_specification  (24)

	IDENTIFIER  shift 47
	PROCEDURE  shift 49
	REF  shift 50
	.  error

	type_specification  goto 215
	procedure_type  goto 52


state 204
	type_specification_alpha : COMMA type_specification type_specification_alpha .  (51)

	.  reduce 51


state 205
	procedure_nonempty : LEFTPAR type_specification type_specification_alpha RIGHTPAR result_type .  (36)

	.  reduce 36


state 206
	array_type : ARRAY LEFTSQUARE special RIGHTSQUARE OF . type_specification  (30)

	IDENTIFIER  shift 47
	PROCEDURE  shift 49
	REF  shift 50
	.  error

	type_specification  goto 216
	procedure_type  goto 52


state 207
	procedure : LEFTPAR parameter parameter_alpha RIGHTPAR SEMICOLON expression .  (40)

	.  reduce 40


state 208
	procedure : LEFTPAR parameter parameter_alpha RIGHTPAR result_type SEMICOLON . expression  (42)

	INTEGER  shift 18
	FLOAT  shift 19
	IDENTIFIER  shift 20
	DECLARE  shift 1
	CASE  shift 21
	IF  shift 22
	NEW  shift 23
	NOT  shift 24
	LEFTPAR  shift 25
	PLUS  shift 26
	MINUS  shift 27
	.  error

	block  goto 28
	expression  goto 217
	name  goto 30
	procedure_call  goto 31
	assignment  goto 32
	disjunction  goto 33
	conjunction  goto 34
	comparison  goto 35
	relation  goto 36
	sum  goto 37
	term  goto 38
	factor  goto 39
	primary  goto 40
	unop  goto 41
	denotation  goto 42
	clause  goto 43
	integer  goto 44
	conditional_clause  goto 45
	case_clause  goto 46


state 209
	field_alpha : SEMICOLON field field_alpha .  (55)

	.  reduce 55


state 210
	iteration : FOR IDENTIFIER FROM expression TO . expression loop  (16)

	INTEGER  shift 18
	FLOAT  shift 19
	IDENTIFIER  shift 20
	DECLARE  shift 1
	CASE  shift 21
	IF  shift 22
	NEW  shift 23
	NOT  shift 24
	LEFTPAR  shift 25
	PLUS  shift 26
	MINUS  shift 27
	.  error

	block  goto 28
	expression  goto 218
	name  goto 30
	procedure_call  goto 31
	assignment  goto 32
	disjunction  goto 33
	conjunction  goto 34
	comparison  goto 35
	relation  goto 36
	sum  goto 37
	term  goto 38
	factor  goto 39
	primary  goto 40
	unop  goto 41
	denotation  goto 42
	clause  goto 43
	integer  goto 44
	conditional_clause  goto 45
	case_clause  goto 46


state 211
	loop : DO statement_list END .  (17)

	.  reduce 17


state 212
	statement_list_alpha : DOUBLESLASH . statement_list statement_list_alpha  (112)

	error  shift 104
	INTEGER  shift 18
	FLOAT  shift 19
	IDENTIFIER  shift 105
	DECLARE  shift 1
	CASE  shift 21
	FOR  shift 106
	GOTO  shift 107
	IF  shift 22
	NEW  shift 23
	NOT  shift 24
	WHILE  shift 108
	LEFTPAR  shift 25
	PLUS  shift 26
	MINUS  shift 27
	.  error

	block  goto 28
	statement  goto 150
	statement_list  goto 219
	label_definition  goto 110
	statement_1  goto 111
	expression  goto 112
	iteration  goto 113
	jump  goto 114
	name  goto 30
	procedure_call  goto 31
	assignment  goto 32
	disjunction  goto 33
	conjunction  goto 34
	comparison  goto 35
	relation  goto 36
	sum  goto 37
	term  goto 38
	factor  goto 39
	primary  goto 40
	unop  goto 41
	denotation  goto 42
	clause  goto 43
	integer  goto 44
	conditional_clause  goto 45
	case_clause  goto 46


state 213
	case_clause : CASE expression OF case_label COLON statement_list statement_list_alpha . ELSE statement_list END  (106)

	ELSE  shift 220
	.  error


state 214
	conditional_clause : IF expression THEN statement_list ELSE statement_list END .  (105)

	.  reduce 105


state 215
	variable_declaration : IDENTIFIER COLON ARRAY LEFTSQUARE bound_pair bound_pair_alpha RIGHTSQUARE ARRAY type_specification .  (24)

	.  reduce 24


state 216
	array_type : ARRAY LEFTSQUARE special RIGHTSQUARE OF type_specification .  (30)

	.  reduce 30


state 217
	procedure : LEFTPAR parameter parameter_alpha RIGHTPAR result_type SEMICOLON expression .  (42)

	.  reduce 42


state 218
	iteration : FOR IDENTIFIER FROM expression TO expression . loop  (16)

	DO  shift 170
	.  error

	loop  goto 221


state 219
	statement_list_alpha : DOUBLESLASH statement_list . statement_list_alpha  (112)
	statement_list_alpha : .  (113)

	DOUBLESLASH  shift 212
	ELSE  reduce 113

	statement_list_alpha  goto 222


state 220
	case_clause : CASE expression OF case_label COLON statement_list statement_list_alpha ELSE . statement_list END  (106)

	error  shift 104
	INTEGER  shift 18
	FLOAT  shift 19
	IDENTIFIER  shift 105
	DECLARE  shift 1
	CASE  shift 21
	FOR  shift 106
	GOTO  shift 107
	IF  shift 22
	NEW  shift 23
	NOT  shift 24
	WHILE  shift 108
	LEFTPAR  shift 25
	PLUS  shift 26
	MINUS  shift 27
	.  error

	block  goto 28
	statement  goto 150
	statement_list  goto 223
	label_definition  goto 110
	statement_1  goto 111
	expression  goto 112
	iteration  goto 113
	jump  goto 114
	name  goto 30
	procedure_call  goto 31
	assignment  goto 32
	disjunction  goto 33
	conjunction  goto 34
	comparison  goto 35
	relation  goto 36
	sum  goto 37
	term  goto 38
	factor  goto 39
	primary  goto 40
	unop  goto 41
	denotation  goto 42
	clause  goto 43
	integer  goto 44
	conditional_clause  goto 45
	case_clause  goto 46


state 221
	iteration : FOR IDENTIFIER FROM expression TO expression loop .  (16)

	.  reduce 16


state 222
	statement_list_alpha : DOUBLESLASH statement_list statement_list_alpha .  (112)

	.  reduce 112


state 223
	case_clause : CASE expression OF case_label COLON statement_list statement_list_alpha ELSE statement_list . END  (106)

	END  shift 224
	.  error


state 224
	case_clause : CASE expression OF case_label COLON statement_list statement_list_alpha ELSE statement_list END .  (106)

	.  reduce 106


55 terminals, 60 nonterminals
115 grammar rules, 225 states
